{"/Users/dstoll243/Codefellows/labs/07-http-server/src/lib/body-parser.js": {"path":"/Users/dstoll243/Codefellows/labs/07-http-server/src/lib/body-parser.js","statementMap":{"0":{"start":{"line":3,"column":12},"end":{"line":3,"column":26}},"1":{"start":{"line":4,"column":20},"end":{"line":4,"column":42}},"2":{"start":{"line":6,"column":0},"end":{"line":32,"column":2}},"3":{"start":{"line":7,"column":2},"end":{"line":31,"column":5}},"4":{"start":{"line":8,"column":4},"end":{"line":8,"column":33}},"5":{"start":{"line":9,"column":4},"end":{"line":9,"column":53}},"6":{"start":{"line":11,"column":4},"end":{"line":13,"column":5}},"7":{"start":{"line":12,"column":6},"end":{"line":12,"column":26}},"8":{"start":{"line":15,"column":18},"end":{"line":15,"column":20}},"9":{"start":{"line":16,"column":4},"end":{"line":18,"column":7}},"10":{"start":{"line":17,"column":6},"end":{"line":17,"column":33}},"11":{"start":{"line":20,"column":4},"end":{"line":27,"column":7}},"12":{"start":{"line":21,"column":6},"end":{"line":26,"column":7}},"13":{"start":{"line":22,"column":8},"end":{"line":22,"column":39}},"14":{"start":{"line":23,"column":8},"end":{"line":23,"column":28}},"15":{"start":{"line":25,"column":8},"end":{"line":25,"column":27}},"16":{"start":{"line":29,"column":4},"end":{"line":29,"column":40}},"17":{"start":{"line":29,"column":27},"end":{"line":29,"column":38}},"18":{"start":{"line":30,"column":4},"end":{"line":30,"column":21}}},"fnMap":{"0":{"name":"bodyParser","decl":{"start":{"line":6,"column":26},"end":{"line":6,"column":36}},"loc":{"start":{"line":6,"column":42},"end":{"line":32,"column":1}},"line":6},"1":{"name":"(anonymous_1)","decl":{"start":{"line":7,"column":21},"end":{"line":7,"column":22}},"loc":{"start":{"line":7,"column":42},"end":{"line":31,"column":3}},"line":7},"2":{"name":"(anonymous_2)","decl":{"start":{"line":16,"column":19},"end":{"line":16,"column":20}},"loc":{"start":{"line":16,"column":29},"end":{"line":18,"column":5}},"line":16},"3":{"name":"(anonymous_3)","decl":{"start":{"line":20,"column":18},"end":{"line":20,"column":19}},"loc":{"start":{"line":20,"column":24},"end":{"line":27,"column":5}},"line":20},"4":{"name":"(anonymous_4)","decl":{"start":{"line":29,"column":20},"end":{"line":29,"column":21}},"loc":{"start":{"line":29,"column":27},"end":{"line":29,"column":38}},"line":29}},"branchMap":{"0":{"loc":{"start":{"line":11,"column":4},"end":{"line":13,"column":5}},"type":"if","locations":[{"start":{"line":11,"column":4},"end":{"line":13,"column":5}},{"start":{"line":11,"column":4},"end":{"line":13,"column":5}}],"line":11},"1":{"loc":{"start":{"line":11,"column":8},"end":{"line":11,"column":53}},"type":"binary-expr","locations":[{"start":{"line":11,"column":8},"end":{"line":11,"column":29}},{"start":{"line":11,"column":33},"end":{"line":11,"column":53}}],"line":11}},"s":{"0":1,"1":1,"2":1,"3":4,"4":4,"5":4,"6":4,"7":4,"8":0,"9":0,"10":0,"11":0,"12":0,"13":0,"14":0,"15":0,"16":0,"17":0,"18":0},"f":{"0":4,"1":4,"2":0,"3":0,"4":0},"b":{"0":[4,0],"1":[4,4]},"_coverageSchema":"332fd63041d2c1bcb487cc26dd0d5f7d97098a6c","hash":"6e9d382e420f107e02fbc8bed5d8f666d135e803"}
,"/Users/dstoll243/Codefellows/labs/07-http-server/src/lib/server.js": {"path":"/Users/dstoll243/Codefellows/labs/07-http-server/src/lib/server.js","statementMap":{"0":{"start":{"line":3,"column":13},"end":{"line":3,"column":28}},"1":{"start":{"line":4,"column":15},"end":{"line":4,"column":32}},"2":{"start":{"line":5,"column":19},"end":{"line":5,"column":43}},"3":{"start":{"line":6,"column":14},"end":{"line":6,"column":30}},"4":{"start":{"line":8,"column":15},"end":{"line":8,"column":34}},"5":{"start":{"line":10,"column":12},"end":{"line":61,"column":2}},"6":{"start":{"line":11,"column":2},"end":{"line":60,"column":7}},"7":{"start":{"line":13,"column":6},"end":{"line":18,"column":7}},"8":{"start":{"line":14,"column":8},"end":{"line":14,"column":60}},"9":{"start":{"line":15,"column":8},"end":{"line":15,"column":149}},"10":{"start":{"line":16,"column":8},"end":{"line":16,"column":18}},"11":{"start":{"line":17,"column":8},"end":{"line":17,"column":25}},"12":{"start":{"line":20,"column":6},"end":{"line":30,"column":7}},"13":{"start":{"line":21,"column":8},"end":{"line":21,"column":60}},"14":{"start":{"line":22,"column":18},"end":{"line":22,"column":46}},"15":{"start":{"line":23,"column":8},"end":{"line":25,"column":9}},"16":{"start":{"line":24,"column":10},"end":{"line":24,"column":36}},"17":{"start":{"line":26,"column":30},"end":{"line":26,"column":55}},"18":{"start":{"line":27,"column":8},"end":{"line":27,"column":79}},"19":{"start":{"line":28,"column":8},"end":{"line":28,"column":18}},"20":{"start":{"line":29,"column":8},"end":{"line":29,"column":25}},"21":{"start":{"line":32,"column":6},"end":{"line":41,"column":7}},"22":{"start":{"line":33,"column":8},"end":{"line":33,"column":67}},"23":{"start":{"line":34,"column":18},"end":{"line":34,"column":46}},"24":{"start":{"line":35,"column":8},"end":{"line":37,"column":9}},"25":{"start":{"line":36,"column":10},"end":{"line":36,"column":36}},"26":{"start":{"line":38,"column":8},"end":{"line":38,"column":49}},"27":{"start":{"line":39,"column":8},"end":{"line":39,"column":18}},"28":{"start":{"line":40,"column":8},"end":{"line":40,"column":25}},"29":{"start":{"line":43,"column":6},"end":{"line":48,"column":7}},"30":{"start":{"line":44,"column":8},"end":{"line":44,"column":67}},"31":{"start":{"line":45,"column":8},"end":{"line":45,"column":54}},"32":{"start":{"line":46,"column":8},"end":{"line":46,"column":18}},"33":{"start":{"line":47,"column":8},"end":{"line":47,"column":25}},"34":{"start":{"line":50,"column":6},"end":{"line":50,"column":59}},"35":{"start":{"line":51,"column":6},"end":{"line":51,"column":29}},"36":{"start":{"line":52,"column":6},"end":{"line":52,"column":16}},"37":{"start":{"line":53,"column":6},"end":{"line":53,"column":23}},"38":{"start":{"line":56,"column":6},"end":{"line":56,"column":59}},"39":{"start":{"line":57,"column":6},"end":{"line":57,"column":36}},"40":{"start":{"line":58,"column":6},"end":{"line":58,"column":16}},"41":{"start":{"line":59,"column":6},"end":{"line":59,"column":23}},"42":{"start":{"line":64,"column":0},"end":{"line":64,"column":62}},"43":{"start":{"line":64,"column":35},"end":{"line":64,"column":61}},"44":{"start":{"line":65,"column":0},"end":{"line":65,"column":46}},"45":{"start":{"line":65,"column":26},"end":{"line":65,"column":45}}},"fnMap":{"0":{"name":"(anonymous_0)","decl":{"start":{"line":10,"column":30},"end":{"line":10,"column":31}},"loc":{"start":{"line":10,"column":44},"end":{"line":61,"column":1}},"line":10},"1":{"name":"(anonymous_1)","decl":{"start":{"line":12,"column":10},"end":{"line":12,"column":11}},"loc":{"start":{"line":12,"column":29},"end":{"line":54,"column":5}},"line":12},"2":{"name":"(anonymous_2)","decl":{"start":{"line":55,"column":11},"end":{"line":55,"column":12}},"loc":{"start":{"line":55,"column":20},"end":{"line":60,"column":5}},"line":55},"3":{"name":"(anonymous_3)","decl":{"start":{"line":64,"column":15},"end":{"line":64,"column":16}},"loc":{"start":{"line":64,"column":35},"end":{"line":64,"column":61}},"line":64},"4":{"name":"(anonymous_4)","decl":{"start":{"line":65,"column":14},"end":{"line":65,"column":15}},"loc":{"start":{"line":65,"column":26},"end":{"line":65,"column":45}},"line":65}},"branchMap":{"0":{"loc":{"start":{"line":13,"column":6},"end":{"line":18,"column":7}},"type":"if","locations":[{"start":{"line":13,"column":6},"end":{"line":18,"column":7}},{"start":{"line":13,"column":6},"end":{"line":18,"column":7}}],"line":13},"1":{"loc":{"start":{"line":13,"column":10},"end":{"line":13,"column":78}},"type":"binary-expr","locations":[{"start":{"line":13,"column":10},"end":{"line":13,"column":40}},{"start":{"line":13,"column":44},"end":{"line":13,"column":78}}],"line":13},"2":{"loc":{"start":{"line":20,"column":6},"end":{"line":30,"column":7}},"type":"if","locations":[{"start":{"line":20,"column":6},"end":{"line":30,"column":7}},{"start":{"line":20,"column":6},"end":{"line":30,"column":7}}],"line":20},"3":{"loc":{"start":{"line":20,"column":10},"end":{"line":20,"column":84}},"type":"binary-expr","locations":[{"start":{"line":20,"column":10},"end":{"line":20,"column":40}},{"start":{"line":20,"column":44},"end":{"line":20,"column":84}}],"line":20},"4":{"loc":{"start":{"line":23,"column":8},"end":{"line":25,"column":9}},"type":"if","locations":[{"start":{"line":23,"column":8},"end":{"line":25,"column":9}},{"start":{"line":23,"column":8},"end":{"line":25,"column":9}}],"line":23},"5":{"loc":{"start":{"line":32,"column":6},"end":{"line":41,"column":7}},"type":"if","locations":[{"start":{"line":32,"column":6},"end":{"line":41,"column":7}},{"start":{"line":32,"column":6},"end":{"line":41,"column":7}}],"line":32},"6":{"loc":{"start":{"line":32,"column":10},"end":{"line":32,"column":88}},"type":"binary-expr","locations":[{"start":{"line":32,"column":10},"end":{"line":32,"column":40}},{"start":{"line":32,"column":44},"end":{"line":32,"column":88}}],"line":32},"7":{"loc":{"start":{"line":35,"column":8},"end":{"line":37,"column":9}},"type":"if","locations":[{"start":{"line":35,"column":8},"end":{"line":37,"column":9}},{"start":{"line":35,"column":8},"end":{"line":37,"column":9}}],"line":35},"8":{"loc":{"start":{"line":43,"column":6},"end":{"line":48,"column":7}},"type":"if","locations":[{"start":{"line":43,"column":6},"end":{"line":48,"column":7}},{"start":{"line":43,"column":6},"end":{"line":48,"column":7}}],"line":43},"9":{"loc":{"start":{"line":43,"column":10},"end":{"line":43,"column":85}},"type":"binary-expr","locations":[{"start":{"line":43,"column":10},"end":{"line":43,"column":41}},{"start":{"line":43,"column":45},"end":{"line":43,"column":85}}],"line":43}},"s":{"0":1,"1":1,"2":1,"3":1,"4":1,"5":1,"6":4,"7":4,"8":1,"9":1,"10":1,"11":1,"12":3,"13":1,"14":1,"15":1,"16":0,"17":1,"18":1,"19":1,"20":1,"21":2,"22":1,"23":1,"24":1,"25":0,"26":1,"27":1,"28":1,"29":1,"30":0,"31":0,"32":0,"33":0,"34":1,"35":1,"36":1,"37":1,"38":0,"39":0,"40":0,"41":0,"42":1,"43":1,"44":1,"45":1},"f":{"0":4,"1":4,"2":0,"3":1,"4":1},"b":{"0":[1,3],"1":[4,4],"2":[1,2],"3":[3,3],"4":[0,1],"5":[1,1],"6":[2,2],"7":[0,1],"8":[0,1],"9":[1,0]},"_coverageSchema":"332fd63041d2c1bcb487cc26dd0d5f7d97098a6c","hash":"332a143d08ffc83f820aa6d0c90d0af4ea61a268"}
}
