TN:
SF:/Users/dstoll243/Codefellows/labs/07-http-server/src/lib/body-parser.js
FN:6,bodyParser
FN:7,(anonymous_1)
FN:16,(anonymous_2)
FN:20,(anonymous_3)
FN:29,(anonymous_4)
FNF:5
FNH:2
FNDA:4,bodyParser
FNDA:4,(anonymous_1)
FNDA:0,(anonymous_2)
FNDA:0,(anonymous_3)
FNDA:0,(anonymous_4)
DA:3,1
DA:4,1
DA:6,1
DA:7,4
DA:8,4
DA:9,4
DA:11,4
DA:12,4
DA:15,0
DA:16,0
DA:17,0
DA:20,0
DA:21,0
DA:22,0
DA:23,0
DA:25,0
DA:29,0
DA:30,0
LF:18
LH:8
BRDA:11,0,0,4
BRDA:11,0,1,0
BRDA:11,1,0,4
BRDA:11,1,1,4
BRF:4
BRH:3
end_of_record
TN:
SF:/Users/dstoll243/Codefellows/labs/07-http-server/src/lib/server.js
FN:10,(anonymous_0)
FN:12,(anonymous_1)
FN:55,(anonymous_2)
FN:64,(anonymous_3)
FN:65,(anonymous_4)
FNF:5
FNH:4
FNDA:4,(anonymous_0)
FNDA:4,(anonymous_1)
FNDA:0,(anonymous_2)
FNDA:1,(anonymous_3)
FNDA:1,(anonymous_4)
DA:3,1
DA:4,1
DA:5,1
DA:6,1
DA:8,1
DA:10,1
DA:11,4
DA:13,4
DA:14,1
DA:15,1
DA:16,1
DA:17,1
DA:20,3
DA:21,1
DA:22,1
DA:23,1
DA:24,0
DA:26,1
DA:27,1
DA:28,1
DA:29,1
DA:32,2
DA:33,1
DA:34,1
DA:35,1
DA:36,0
DA:38,1
DA:39,1
DA:40,1
DA:43,1
DA:44,0
DA:45,0
DA:46,0
DA:47,0
DA:50,1
DA:51,1
DA:52,1
DA:53,1
DA:56,0
DA:57,0
DA:58,0
DA:59,0
DA:64,1
DA:65,1
LF:44
LH:34
BRDA:13,0,0,1
BRDA:13,0,1,3
BRDA:13,1,0,4
BRDA:13,1,1,4
BRDA:20,2,0,1
BRDA:20,2,1,2
BRDA:20,3,0,3
BRDA:20,3,1,3
BRDA:23,4,0,0
BRDA:23,4,1,1
BRDA:32,5,0,1
BRDA:32,5,1,1
BRDA:32,6,0,2
BRDA:32,6,1,2
BRDA:35,7,0,0
BRDA:35,7,1,1
BRDA:43,8,0,0
BRDA:43,8,1,1
BRDA:43,9,0,1
BRDA:43,9,1,0
BRF:20
BRH:16
end_of_record
