TN:
SF:/Users/dstoll243/Codefellows/labs/07-http-server/src/lib/body-parser.js
FN:6,bodyParser
FN:7,(anonymous_1)
FN:16,(anonymous_2)
FN:20,(anonymous_3)
FN:29,(anonymous_4)
FNF:5
FNH:2
FNDA:1,bodyParser
FNDA:1,(anonymous_1)
FNDA:0,(anonymous_2)
FNDA:0,(anonymous_3)
FNDA:0,(anonymous_4)
DA:3,1
DA:4,1
DA:6,1
DA:7,1
DA:8,1
DA:9,1
DA:11,1
DA:12,1
DA:15,0
DA:16,0
DA:17,0
DA:20,0
DA:21,0
DA:22,0
DA:23,0
DA:25,0
DA:29,0
DA:30,0
LF:18
LH:8
BRDA:11,0,0,1
BRDA:11,0,1,0
BRDA:11,1,0,1
BRDA:11,1,1,1
BRF:4
BRH:3
end_of_record
TN:
SF:/Users/dstoll243/Codefellows/labs/07-http-server/src/lib/server.js
FN:9,(anonymous_0)
FN:11,(anonymous_1)
FN:24,(anonymous_2)
FN:33,(anonymous_3)
FN:34,(anonymous_4)
FNF:5
FNH:4
FNDA:1,(anonymous_0)
FNDA:1,(anonymous_1)
FNDA:0,(anonymous_2)
FNDA:1,(anonymous_3)
FNDA:1,(anonymous_4)
DA:3,1
DA:5,1
DA:7,1
DA:9,1
DA:10,1
DA:12,1
DA:13,1
DA:14,1
DA:15,1
DA:16,1
DA:19,0
DA:20,0
DA:21,0
DA:22,0
DA:25,0
DA:26,0
DA:27,0
DA:28,0
DA:33,1
DA:34,1
LF:20
LH:12
BRDA:12,0,0,1
BRDA:12,0,1,0
BRDA:12,1,0,1
BRDA:12,1,1,1
BRF:4
BRH:3
end_of_record
